[2023-12-12 07:00:04,506] [INFO] [axolotl.train.log:60] [PID:63704] [RANK:0] Training Completed!!! Saving pre-trained model to /workspace/dont15/$
xolotl-main/output/caphesuada-v2                                                                                                                  
Traceback (most recent call last):                                                                                                                
  File "/opt/conda/lib/python3.10/runpy.py", line 196, in _run_module_as_main
    return _run_code(code, main_globals, None,
  File "/opt/conda/lib/python3.10/runpy.py", line 86, in _run_code
    exec(code, run_globals)
  File "/workspace/dont15/axolotl-main/src/axolotl/cli/train.py", line 38, in <module>
    fire.Fire(do_cli)
  File "/opt/conda/lib/python3.10/site-packages/fire/core.py", line 141, in Fire
    component_trace = _Fire(component, args, parsed_flag_args, context, name)
  File "/opt/conda/lib/python3.10/site-packages/fire/core.py", line 475, in _Fire
    component, remaining_args = _CallAndUpdateTrace(
  File "/opt/conda/lib/python3.10/site-packages/fire/core.py", line 691, in _CallAndUpdateTrace
    component = fn(*varargs, **kwargs)
  File "/workspace/dont15/axolotl-main/src/axolotl/cli/train.py", line 34, in do_cli
    train(cfg=parsed_cfg, cli_args=parsed_cli_args, dataset_meta=dataset_meta)
  File "/workspace/dont15/axolotl-main/src/axolotl/train.py", line 134, in train
    module._post_training(model, name)  # pylint: disable=protected-access
  File "/workspace/dont15/axolotl-main/src/axolotl/monkeypatch/llama_attn_hijack_flash.py", line 187, in _post_training
    w1, w2 = torch.split(  # pylint: disable=invalid-name
ValueError: not enough values to unpack (expected 2, got 1)
